<?xml version="1.0" encoding="UTF-8"?>
<!-- Generated by org.testng.reporters.JUnitXMLReporter -->
<testsuite ignored="0" hostname="DESKTOP-83Q53UN" failures="1" tests="1" name="good test case" time="0.016" errors="0" timestamp="2023-07-01T18:35:33 IST">
  <testcase classname="run.test2" name="good" time="0.0">
    <failure type="org.testng.TestNGException" message="
Parameter &amp;apos;lastname&amp;apos; is required by @Test on method good but has not been marked @Optional or defined
in C:\selenium\practice1\new.xml">
      <![CDATA[org.testng.TestNGException: 
Parameter 'lastname' is required by @Test on method good but has not been marked @Optional or defined
in C:\selenium\practice1\new.xml
at java.base/java.util.ArrayList.forEach(ArrayList.java:1511)
... Removed 26 stack frames]]>
    </failure>
  </testcase> <!-- good -->
</testsuite> <!-- good test case -->
